GAS LISTING /tmp/ccfyG6vf.s 			page 1


   1               		.file	"blink.c"
   2               	__SREG__ = 0x3f
   3               	__SP_H__ = 0x3e
   4               	__SP_L__ = 0x3d
   5               	__CCP__  = 0x34
   6               	__tmp_reg__ = 0
   7               	__zero_reg__ = 1
   8               		.stabs	"/home/mysko/Desktop/git_death/Death-Star/working/avr/",100,0,2,.Ltext0
   9               		.stabs	"blink.c",100,0,2,.Ltext0
  10               		.text
  11               	.Ltext0:
  12               		.stabs	"gcc2_compiled.",60,0,0,0
  13               		.stabs	"int:t(0,1)=r(0,1);-32768;32767;",128,0,1,0
  14               		.stabs	"char:t(0,2)=r(0,2);0;127;",128,0,1,0
  15               		.stabs	"long int:t(0,3)=@s32;r(0,3);020000000000;017777777777;",128,0,1,0
  16               		.stabs	"unsigned int:t(0,4)=r(0,4);0;0177777;",128,0,1,0
  17               		.stabs	"long unsigned int:t(0,5)=@s32;r(0,5);0;037777777777;",128,0,1,0
  18               		.stabs	"long long int:t(0,6)=@s64;r(0,6);01000000000000000000000;0777777777777777777777;",128,0,1,
  19               		.stabs	"long long unsigned int:t(0,7)=@s64;r(0,7);0;01777777777777777777777;",128,0,1,0
  20               		.stabs	"short int:t(0,8)=r(0,8);-32768;32767;",128,0,1,0
  21               		.stabs	"short unsigned int:t(0,9)=r(0,9);0;0177777;",128,0,1,0
  22               		.stabs	"signed char:t(0,10)=@s8;r(0,10);-128;127;",128,0,1,0
  23               		.stabs	"unsigned char:t(0,11)=@s8;r(0,11);0;255;",128,0,1,0
  24               		.stabs	"float:t(0,12)=r(0,1);4;0;",128,0,1,0
  25               		.stabs	"double:t(0,13)=r(0,1);4;0;",128,0,1,0
  26               		.stabs	"long double:t(0,14)=r(0,1);4;0;",128,0,1,0
  27               		.stabs	"void:t(0,15)=(0,15)",128,0,1,0
  28               		.stabs	"/usr/lib/gcc/avr/4.3.5/../../../avr/include/avr/io.h",130,0,0,0
  29               		.stabs	"/usr/lib/gcc/avr/4.3.5/../../../avr/include/avr/sfr_defs.h",130,0,0,0
  30               		.stabs	"/usr/lib/gcc/avr/4.3.5/../../../avr/include/inttypes.h",130,0,0,0
  31               		.stabs	"/usr/lib/gcc/avr/4.3.5/../../../avr/include/stdint.h",130,0,0,0
  32               		.stabs	"int8_t:t(4,1)=(0,10)",128,0,121,0
  33               		.stabs	"uint8_t:t(4,2)=(0,11)",128,0,122,0
  34               		.stabs	"int16_t:t(4,3)=(0,1)",128,0,123,0
  35               		.stabs	"uint16_t:t(4,4)=(0,4)",128,0,124,0
  36               		.stabs	"int32_t:t(4,5)=(0,3)",128,0,125,0
  37               		.stabs	"uint32_t:t(4,6)=(0,5)",128,0,126,0
  38               		.stabs	"int64_t:t(4,7)=(0,6)",128,0,128,0
  39               		.stabs	"uint64_t:t(4,8)=(0,7)",128,0,129,0
  40               		.stabs	"intptr_t:t(4,9)=(4,3)",128,0,142,0
  41               		.stabs	"uintptr_t:t(4,10)=(4,4)",128,0,147,0
  42               		.stabs	"int_least8_t:t(4,11)=(4,1)",128,0,159,0
  43               		.stabs	"uint_least8_t:t(4,12)=(4,2)",128,0,164,0
  44               		.stabs	"int_least16_t:t(4,13)=(4,3)",128,0,169,0
  45               		.stabs	"uint_least16_t:t(4,14)=(4,4)",128,0,174,0
  46               		.stabs	"int_least32_t:t(4,15)=(4,5)",128,0,179,0
  47               		.stabs	"uint_least32_t:t(4,16)=(4,6)",128,0,184,0
  48               		.stabs	"int_least64_t:t(4,17)=(4,7)",128,0,192,0
  49               		.stabs	"uint_least64_t:t(4,18)=(4,8)",128,0,199,0
  50               		.stabs	"int_fast8_t:t(4,19)=(4,1)",128,0,213,0
  51               		.stabs	"uint_fast8_t:t(4,20)=(4,2)",128,0,218,0
  52               		.stabs	"int_fast16_t:t(4,21)=(4,3)",128,0,223,0
  53               		.stabs	"uint_fast16_t:t(4,22)=(4,4)",128,0,228,0
  54               		.stabs	"int_fast32_t:t(4,23)=(4,5)",128,0,233,0
  55               		.stabs	"uint_fast32_t:t(4,24)=(4,6)",128,0,238,0
  56               		.stabs	"int_fast64_t:t(4,25)=(4,7)",128,0,246,0
  57               		.stabs	"uint_fast64_t:t(4,26)=(4,8)",128,0,253,0
GAS LISTING /tmp/ccfyG6vf.s 			page 2


  58               		.stabs	"intmax_t:t(4,27)=(4,7)",128,0,273,0
  59               		.stabs	"uintmax_t:t(4,28)=(4,8)",128,0,278,0
  60               		.stabn	162,0,0,0
  61               		.stabs	"int_farptr_t:t(3,1)=(4,5)",128,0,77,0
  62               		.stabs	"uint_farptr_t:t(3,2)=(4,6)",128,0,81,0
  63               		.stabn	162,0,0,0
  64               		.stabn	162,0,0,0
  65               		.stabs	"/usr/lib/gcc/avr/4.3.5/../../../avr/include/avr/fuse.h",130,0,0,0
  66               		.stabs	"__fuse_t:t(5,1)=(5,2)=s3low:(0,11),0,8;high:(0,11),8,8;extended:(0,11),16,8;;",128,0,244,0
  67               		.stabn	162,0,0,0
  68               		.stabn	162,0,0,0
  69               		.stabs	"main:F(0,1)",36,0,6,main
  70               	.global	main
  71               		.type	main, @function
  72               	main:
  73               		.stabd	46,0,0
   1:blink.c       **** #include <avr/io.h>
   2:blink.c       **** #include <util/delay.h>
   3:blink.c       ****  
   4:blink.c       ****  
   5:blink.c       **** int main (void)
   6:blink.c       **** {
  74               		.stabn	68,0,6,.LM0-.LFBB1
  75               	.LM0:
  76               	.LFBB1:
  77               	/* prologue: function */
  78               	/* frame size = 0 */
   7:blink.c       ****   unsigned char counter;
   8:blink.c       ****   /* set PORTB for output*/
   9:blink.c       ****   DDRB = 0xFF;
  79               		.stabn	68,0,9,.LM1-.LFBB1
  80               	.LM1:
  81 0000 8FEF      		ldi r24,lo8(-1)
  82 0002 84B9      		out 36-32,r24
  10:blink.c       ****  
  11:blink.c       ****   while (1)
  12:blink.c       ****     {
  13:blink.c       ****       /* set PORTB.2 high */
  14:blink.c       ****       PORTB = 0xFF;
  83               		.stabn	68,0,14,.LM2-.LFBB1
  84               	.LM2:
  85 0004 3FEF      		ldi r19,lo8(-1)
  86               	.LBB6:
  87               	.LBB7:
  88               		.stabs	"/usr/lib/gcc/avr/4.3.5/../../../avr/include/util/delay_basic.h",132,0,0,.Ltext1
  89               	.Ltext1:
   1:/usr/lib/gcc/avr/4.3.5/../../../avr/include/util/delay_basic.h **** /* Copyright (c) 2002, Marek Michalkiewicz
   2:/usr/lib/gcc/avr/4.3.5/../../../avr/include/util/delay_basic.h ****    Copyright (c) 2007 Joerg Wunsch
   3:/usr/lib/gcc/avr/4.3.5/../../../avr/include/util/delay_basic.h ****    All rights reserved.
   4:/usr/lib/gcc/avr/4.3.5/../../../avr/include/util/delay_basic.h **** 
   5:/usr/lib/gcc/avr/4.3.5/../../../avr/include/util/delay_basic.h ****    Redistribution and use in source and binary forms, with or without
   6:/usr/lib/gcc/avr/4.3.5/../../../avr/include/util/delay_basic.h ****    modification, are permitted provided that the following conditions are met:
   7:/usr/lib/gcc/avr/4.3.5/../../../avr/include/util/delay_basic.h **** 
   8:/usr/lib/gcc/avr/4.3.5/../../../avr/include/util/delay_basic.h ****    * Redistributions of source code must retain the above copyright
   9:/usr/lib/gcc/avr/4.3.5/../../../avr/include/util/delay_basic.h ****      notice, this list of conditions and the following disclaimer.
  10:/usr/lib/gcc/avr/4.3.5/../../../avr/include/util/delay_basic.h **** 
  11:/usr/lib/gcc/avr/4.3.5/../../../avr/include/util/delay_basic.h ****    * Redistributions in binary form must reproduce the above copyright
GAS LISTING /tmp/ccfyG6vf.s 			page 3


  12:/usr/lib/gcc/avr/4.3.5/../../../avr/include/util/delay_basic.h ****      notice, this list of conditions and the following disclaimer in
  13:/usr/lib/gcc/avr/4.3.5/../../../avr/include/util/delay_basic.h ****      the documentation and/or other materials provided with the
  14:/usr/lib/gcc/avr/4.3.5/../../../avr/include/util/delay_basic.h ****      distribution.
  15:/usr/lib/gcc/avr/4.3.5/../../../avr/include/util/delay_basic.h **** 
  16:/usr/lib/gcc/avr/4.3.5/../../../avr/include/util/delay_basic.h ****    * Neither the name of the copyright holders nor the names of
  17:/usr/lib/gcc/avr/4.3.5/../../../avr/include/util/delay_basic.h ****      contributors may be used to endorse or promote products derived
  18:/usr/lib/gcc/avr/4.3.5/../../../avr/include/util/delay_basic.h ****      from this software without specific prior written permission.
  19:/usr/lib/gcc/avr/4.3.5/../../../avr/include/util/delay_basic.h **** 
  20:/usr/lib/gcc/avr/4.3.5/../../../avr/include/util/delay_basic.h ****   THIS SOFTWARE IS PROVIDED BY THE COPYRIGHT HOLDERS AND CONTRIBUTORS "AS IS"
  21:/usr/lib/gcc/avr/4.3.5/../../../avr/include/util/delay_basic.h ****   AND ANY EXPRESS OR IMPLIED WARRANTIES, INCLUDING, BUT NOT LIMITED TO, THE
  22:/usr/lib/gcc/avr/4.3.5/../../../avr/include/util/delay_basic.h ****   IMPLIED WARRANTIES OF MERCHANTABILITY AND FITNESS FOR A PARTICULAR PURPOSE
  23:/usr/lib/gcc/avr/4.3.5/../../../avr/include/util/delay_basic.h ****   ARE DISCLAIMED. IN NO EVENT SHALL THE COPYRIGHT OWNER OR CONTRIBUTORS BE
  24:/usr/lib/gcc/avr/4.3.5/../../../avr/include/util/delay_basic.h ****   LIABLE FOR ANY DIRECT, INDIRECT, INCIDENTAL, SPECIAL, EXEMPLARY, OR
  25:/usr/lib/gcc/avr/4.3.5/../../../avr/include/util/delay_basic.h ****   CONSEQUENTIAL DAMAGES (INCLUDING, BUT NOT LIMITED TO, PROCUREMENT OF
  26:/usr/lib/gcc/avr/4.3.5/../../../avr/include/util/delay_basic.h ****   SUBSTITUTE GOODS OR SERVICES; LOSS OF USE, DATA, OR PROFITS; OR BUSINESS
  27:/usr/lib/gcc/avr/4.3.5/../../../avr/include/util/delay_basic.h ****   INTERRUPTION) HOWEVER CAUSED AND ON ANY THEORY OF LIABILITY, WHETHER IN
  28:/usr/lib/gcc/avr/4.3.5/../../../avr/include/util/delay_basic.h ****   CONTRACT, STRICT LIABILITY, OR TORT (INCLUDING NEGLIGENCE OR OTHERWISE)
  29:/usr/lib/gcc/avr/4.3.5/../../../avr/include/util/delay_basic.h ****   ARISING IN ANY WAY OUT OF THE USE OF THIS SOFTWARE, EVEN IF ADVISED OF THE
  30:/usr/lib/gcc/avr/4.3.5/../../../avr/include/util/delay_basic.h ****   POSSIBILITY OF SUCH DAMAGE. */
  31:/usr/lib/gcc/avr/4.3.5/../../../avr/include/util/delay_basic.h **** 
  32:/usr/lib/gcc/avr/4.3.5/../../../avr/include/util/delay_basic.h **** /* $Id: delay_basic.h,v 1.1 2007/05/13 21:23:20 joerg_wunsch Exp $ */
  33:/usr/lib/gcc/avr/4.3.5/../../../avr/include/util/delay_basic.h **** 
  34:/usr/lib/gcc/avr/4.3.5/../../../avr/include/util/delay_basic.h **** #ifndef _UTIL_DELAY_BASIC_H_
  35:/usr/lib/gcc/avr/4.3.5/../../../avr/include/util/delay_basic.h **** #define _UTIL_DELAY_BASIC_H_ 1
  36:/usr/lib/gcc/avr/4.3.5/../../../avr/include/util/delay_basic.h **** 
  37:/usr/lib/gcc/avr/4.3.5/../../../avr/include/util/delay_basic.h **** #include <inttypes.h>
  38:/usr/lib/gcc/avr/4.3.5/../../../avr/include/util/delay_basic.h **** 
  39:/usr/lib/gcc/avr/4.3.5/../../../avr/include/util/delay_basic.h **** /** \file */
  40:/usr/lib/gcc/avr/4.3.5/../../../avr/include/util/delay_basic.h **** /** \defgroup util_delay_basic <util/delay_basic.h>: Basic busy-wait delay loops
  41:/usr/lib/gcc/avr/4.3.5/../../../avr/include/util/delay_basic.h ****     \code
  42:/usr/lib/gcc/avr/4.3.5/../../../avr/include/util/delay_basic.h ****     #include <util/delay_basic.h>
  43:/usr/lib/gcc/avr/4.3.5/../../../avr/include/util/delay_basic.h ****     \endcode
  44:/usr/lib/gcc/avr/4.3.5/../../../avr/include/util/delay_basic.h **** 
  45:/usr/lib/gcc/avr/4.3.5/../../../avr/include/util/delay_basic.h ****     The functions in this header file implement simple delay loops
  46:/usr/lib/gcc/avr/4.3.5/../../../avr/include/util/delay_basic.h ****     that perform a busy-waiting.  They are typically used to
  47:/usr/lib/gcc/avr/4.3.5/../../../avr/include/util/delay_basic.h ****     facilitate short delays in the program execution.  They are
  48:/usr/lib/gcc/avr/4.3.5/../../../avr/include/util/delay_basic.h ****     implemented as count-down loops with a well-known CPU cycle
  49:/usr/lib/gcc/avr/4.3.5/../../../avr/include/util/delay_basic.h ****     count per loop iteration.  As such, no other processing can
  50:/usr/lib/gcc/avr/4.3.5/../../../avr/include/util/delay_basic.h ****     occur simultaneously.  It should be kept in mind that the
  51:/usr/lib/gcc/avr/4.3.5/../../../avr/include/util/delay_basic.h ****     functions described here do not disable interrupts.
  52:/usr/lib/gcc/avr/4.3.5/../../../avr/include/util/delay_basic.h **** 
  53:/usr/lib/gcc/avr/4.3.5/../../../avr/include/util/delay_basic.h ****     In general, for long delays, the use of hardware timers is
  54:/usr/lib/gcc/avr/4.3.5/../../../avr/include/util/delay_basic.h ****     much preferrable, as they free the CPU, and allow for
  55:/usr/lib/gcc/avr/4.3.5/../../../avr/include/util/delay_basic.h ****     concurrent processing of other events while the timer is
  56:/usr/lib/gcc/avr/4.3.5/../../../avr/include/util/delay_basic.h ****     running.  However, in particular for very short delays, the
  57:/usr/lib/gcc/avr/4.3.5/../../../avr/include/util/delay_basic.h ****     overhead of setting up a hardware timer is too much compared
  58:/usr/lib/gcc/avr/4.3.5/../../../avr/include/util/delay_basic.h ****     to the overall delay time.
  59:/usr/lib/gcc/avr/4.3.5/../../../avr/include/util/delay_basic.h **** 
  60:/usr/lib/gcc/avr/4.3.5/../../../avr/include/util/delay_basic.h ****     Two inline functions are provided for the actual delay algorithms.
  61:/usr/lib/gcc/avr/4.3.5/../../../avr/include/util/delay_basic.h **** 
  62:/usr/lib/gcc/avr/4.3.5/../../../avr/include/util/delay_basic.h **** */
  63:/usr/lib/gcc/avr/4.3.5/../../../avr/include/util/delay_basic.h **** 
  64:/usr/lib/gcc/avr/4.3.5/../../../avr/include/util/delay_basic.h **** #if !defined(__DOXYGEN__)
  65:/usr/lib/gcc/avr/4.3.5/../../../avr/include/util/delay_basic.h **** static inline void _delay_loop_1(uint8_t __count) __attribute__((always_inline));
  66:/usr/lib/gcc/avr/4.3.5/../../../avr/include/util/delay_basic.h **** static inline void _delay_loop_2(uint16_t __count) __attribute__((always_inline));
  67:/usr/lib/gcc/avr/4.3.5/../../../avr/include/util/delay_basic.h **** #endif
  68:/usr/lib/gcc/avr/4.3.5/../../../avr/include/util/delay_basic.h **** 
GAS LISTING /tmp/ccfyG6vf.s 			page 4


  69:/usr/lib/gcc/avr/4.3.5/../../../avr/include/util/delay_basic.h **** /** \ingroup util_delay_basic
  70:/usr/lib/gcc/avr/4.3.5/../../../avr/include/util/delay_basic.h **** 
  71:/usr/lib/gcc/avr/4.3.5/../../../avr/include/util/delay_basic.h ****     Delay loop using an 8-bit counter \c __count, so up to 256
  72:/usr/lib/gcc/avr/4.3.5/../../../avr/include/util/delay_basic.h ****     iterations are possible.  (The value 256 would have to be passed
  73:/usr/lib/gcc/avr/4.3.5/../../../avr/include/util/delay_basic.h ****     as 0.)  The loop executes three CPU cycles per iteration, not
  74:/usr/lib/gcc/avr/4.3.5/../../../avr/include/util/delay_basic.h ****     including the overhead the compiler needs to setup the counter
  75:/usr/lib/gcc/avr/4.3.5/../../../avr/include/util/delay_basic.h ****     register.
  76:/usr/lib/gcc/avr/4.3.5/../../../avr/include/util/delay_basic.h **** 
  77:/usr/lib/gcc/avr/4.3.5/../../../avr/include/util/delay_basic.h ****     Thus, at a CPU speed of 1 MHz, delays of up to 768 microseconds
  78:/usr/lib/gcc/avr/4.3.5/../../../avr/include/util/delay_basic.h ****     can be achieved.
  79:/usr/lib/gcc/avr/4.3.5/../../../avr/include/util/delay_basic.h **** */
  80:/usr/lib/gcc/avr/4.3.5/../../../avr/include/util/delay_basic.h **** void
  81:/usr/lib/gcc/avr/4.3.5/../../../avr/include/util/delay_basic.h **** _delay_loop_1(uint8_t __count)
  82:/usr/lib/gcc/avr/4.3.5/../../../avr/include/util/delay_basic.h **** {
  83:/usr/lib/gcc/avr/4.3.5/../../../avr/include/util/delay_basic.h **** 	__asm__ volatile (
  84:/usr/lib/gcc/avr/4.3.5/../../../avr/include/util/delay_basic.h **** 		"1: dec %0" "\n\t"
  85:/usr/lib/gcc/avr/4.3.5/../../../avr/include/util/delay_basic.h **** 		"brne 1b"
  86:/usr/lib/gcc/avr/4.3.5/../../../avr/include/util/delay_basic.h **** 		: "=r" (__count)
  87:/usr/lib/gcc/avr/4.3.5/../../../avr/include/util/delay_basic.h **** 		: "0" (__count)
  88:/usr/lib/gcc/avr/4.3.5/../../../avr/include/util/delay_basic.h **** 	);
  89:/usr/lib/gcc/avr/4.3.5/../../../avr/include/util/delay_basic.h **** }
  90:/usr/lib/gcc/avr/4.3.5/../../../avr/include/util/delay_basic.h **** 
  91:/usr/lib/gcc/avr/4.3.5/../../../avr/include/util/delay_basic.h **** /** \ingroup util_delay_basic
  92:/usr/lib/gcc/avr/4.3.5/../../../avr/include/util/delay_basic.h **** 
  93:/usr/lib/gcc/avr/4.3.5/../../../avr/include/util/delay_basic.h ****     Delay loop using a 16-bit counter \c __count, so up to 65536
  94:/usr/lib/gcc/avr/4.3.5/../../../avr/include/util/delay_basic.h ****     iterations are possible.  (The value 65536 would have to be
  95:/usr/lib/gcc/avr/4.3.5/../../../avr/include/util/delay_basic.h ****     passed as 0.)  The loop executes four CPU cycles per iteration,
  96:/usr/lib/gcc/avr/4.3.5/../../../avr/include/util/delay_basic.h ****     not including the overhead the compiler requires to setup the
  97:/usr/lib/gcc/avr/4.3.5/../../../avr/include/util/delay_basic.h ****     counter register pair.
  98:/usr/lib/gcc/avr/4.3.5/../../../avr/include/util/delay_basic.h **** 
  99:/usr/lib/gcc/avr/4.3.5/../../../avr/include/util/delay_basic.h ****     Thus, at a CPU speed of 1 MHz, delays of up to about 262.1
 100:/usr/lib/gcc/avr/4.3.5/../../../avr/include/util/delay_basic.h ****     milliseconds can be achieved.
 101:/usr/lib/gcc/avr/4.3.5/../../../avr/include/util/delay_basic.h ****  */
 102:/usr/lib/gcc/avr/4.3.5/../../../avr/include/util/delay_basic.h **** void
 103:/usr/lib/gcc/avr/4.3.5/../../../avr/include/util/delay_basic.h **** _delay_loop_2(uint16_t __count)
 104:/usr/lib/gcc/avr/4.3.5/../../../avr/include/util/delay_basic.h **** {
 105:/usr/lib/gcc/avr/4.3.5/../../../avr/include/util/delay_basic.h **** 	__asm__ volatile (
  90               		.stabn	68,0,105,.LM3-.LFBB1
  91               	.LM3:
  92 0006 40E3      		ldi r20,lo8(30000)
  93 0008 55E7      		ldi r21,hi8(30000)
  94               	.L4:
  95               	.LBE7:
  96               	.LBE6:
  97               		.stabs	"blink.c",132,0,0,.Ltext2
  98               	.Ltext2:
  99               		.stabn	68,0,14,.LM4-.LFBB1
 100               	.LM4:
 101 000a 35B9      		out 37-32,r19
 102 000c 20E0      		ldi r18,lo8(0)
 103               	.L2:
 104               	.LBB9:
 105               	.LBB8:
 106               		.stabs	"/usr/lib/gcc/avr/4.3.5/../../../avr/include/util/delay_basic.h",132,0,0,.Ltext3
 107               	.Ltext3:
 108               		.stabn	68,0,105,.LM5-.LFBB1
 109               	.LM5:
GAS LISTING /tmp/ccfyG6vf.s 			page 5


 110 000e CA01      		movw r24,r20
 111               	/* #APP */
 112               	 ;  105 "/usr/lib/gcc/avr/4.3.5/../../../avr/include/util/delay_basic.h" 1
 113 0010 0197      		1: sbiw r24,1
 114 0012 01F4      		brne 1b
 115               	 ;  0 "" 2
 116               	/* #NOAPP */
 117               	.LBE8:
 118               	.LBE9:
 119               		.stabs	"blink.c",132,0,0,.Ltext4
 120               	.Ltext4:
  15:blink.c       ****  
  16:blink.c       ****       /* wait (10 * 120000) cycles = wait 1200000 cycles */
  17:blink.c       ****       counter = 0;
  18:blink.c       ****       while (counter != 50)
  19:blink.c       **** 	{
  20:blink.c       **** 	  /* wait (30000 x 4) cycles = wait 120000 cycles */
  21:blink.c       **** 	  _delay_loop_2(30000);
  22:blink.c       **** 	  counter++;
 121               		.stabn	68,0,22,.LM6-.LFBB1
 122               	.LM6:
 123 0014 2F5F      		subi r18,lo8(-(1))
  18:blink.c       ****       while (counter != 50)
 124               		.stabn	68,0,18,.LM7-.LFBB1
 125               	.LM7:
 126 0016 2233      		cpi r18,lo8(50)
 127 0018 01F4      		brne .L2
  23:blink.c       **** 	}
  24:blink.c       ****  
  25:blink.c       ****       /* set PORTB.2 low */
  26:blink.c       ****       PORTB = 0x00;
 128               		.stabn	68,0,26,.LM8-.LFBB1
 129               	.LM8:
 130 001a 15B8      		out 37-32,__zero_reg__
 131 001c 20E0      		ldi r18,lo8(0)
 132               	.L3:
 133               	.LBB10:
 134               	.LBB11:
 135               		.stabs	"/usr/lib/gcc/avr/4.3.5/../../../avr/include/util/delay_basic.h",132,0,0,.Ltext5
 136               	.Ltext5:
 137               		.stabn	68,0,105,.LM9-.LFBB1
 138               	.LM9:
 139 001e CA01      		movw r24,r20
 140               	/* #APP */
 141               	 ;  105 "/usr/lib/gcc/avr/4.3.5/../../../avr/include/util/delay_basic.h" 1
 142 0020 0197      		1: sbiw r24,1
 143 0022 01F4      		brne 1b
 144               	 ;  0 "" 2
 145               	/* #NOAPP */
 146               	.LBE11:
 147               	.LBE10:
 148               		.stabs	"blink.c",132,0,0,.Ltext6
 149               	.Ltext6:
  27:blink.c       ****  
  28:blink.c       ****       /* wait (10 * 120000) cycles = wait 1200000 cycles */
  29:blink.c       ****       counter = 0;
  30:blink.c       ****       while (counter != 50)
GAS LISTING /tmp/ccfyG6vf.s 			page 6


  31:blink.c       **** 	{
  32:blink.c       **** 	  /* wait (30000 x 4) cycles = wait 120000 cycles */
  33:blink.c       **** 	  _delay_loop_2(30000);
  34:blink.c       **** 	  counter++;
 150               		.stabn	68,0,34,.LM10-.LFBB1
 151               	.LM10:
 152 0024 2F5F      		subi r18,lo8(-(1))
  30:blink.c       ****       while (counter != 50)
 153               		.stabn	68,0,30,.LM11-.LFBB1
 154               	.LM11:
 155 0026 2233      		cpi r18,lo8(50)
 156 0028 01F4      		brne .L3
 157 002a 00C0      		rjmp .L4
 158               		.size	main, .-main
 159               		.stabs	"counter:r(0,11)",64,0,7,18
 160               		.stabn	192,0,0,.LFBB1-.LFBB1
 161               		.stabs	"__count:r(4,4)",64,0,21,24
 162               		.stabn	192,0,0,.LBB6-.LFBB1
 163               		.stabn	224,0,0,.LBE6-.LFBB1
 164               		.stabs	"__count:r(4,4)",64,0,21,24
 165               		.stabn	192,0,0,.LBB9-.LFBB1
 166               		.stabn	224,0,0,.LBE9-.LFBB1
 167               		.stabs	"__count:r(4,4)",64,0,33,24
 168               		.stabn	192,0,0,.LBB10-.LFBB1
 169               		.stabn	224,0,0,.LBE10-.LFBB1
 170               		.stabn	224,0,0,.Lscope1-.LFBB1
 171               	.Lscope1:
 172               		.stabs	"",36,0,0,.Lscope1-.LFBB1
 173               		.stabd	78,0,0
 174               		.stabs	"",100,0,0,.Letext0
 175               	.Letext0:
GAS LISTING /tmp/ccfyG6vf.s 			page 7


DEFINED SYMBOLS
                            *ABS*:00000000 blink.c
     /tmp/ccfyG6vf.s:2      *ABS*:0000003f __SREG__
     /tmp/ccfyG6vf.s:3      *ABS*:0000003e __SP_H__
     /tmp/ccfyG6vf.s:4      *ABS*:0000003d __SP_L__
     /tmp/ccfyG6vf.s:5      *ABS*:00000034 __CCP__
     /tmp/ccfyG6vf.s:6      *ABS*:00000000 __tmp_reg__
     /tmp/ccfyG6vf.s:7      *ABS*:00000001 __zero_reg__
     /tmp/ccfyG6vf.s:72     .text:00000000 main

NO UNDEFINED SYMBOLS
